/*C1*/SET SCHEMA SYSTEM_LOBS
INSERT INTO BLOCKS VALUES(0,2147483647,0)
COMMIT
/*C3*/SET SCHEMA PUBLIC
create table CD (id integer not null, title varchar(255), artist varchar(255), purchase_date date, cost double, primary key (id))
INSERT INTO CD VALUES(1,'Zhingat','AjayAtul','2019-09-19',19.99E0)
COMMIT
DISCONNECT
/*C4*/SET SCHEMA PUBLIC
INSERT INTO CD VALUES(2,'Some Title','Some Artist','2019-09-19',9.99E0)
COMMIT
DISCONNECT
/*C5*/SET SCHEMA PUBLIC
INSERT INTO CD VALUES(3,'Some Title','Some Artist','2019-09-19',9.99E0)
COMMIT
DISCONNECT
/*C6*/SET SCHEMA PUBLIC
DISCONNECT
/*C7*/SET SCHEMA PUBLIC
drop table CD if exists
create table CD (id integer not null, artist varchar(255), cost double not null, purchase_date time, title varchar(255), primary key (id))
INSERT INTO CD VALUES(1,'Some Artist',9.99E0,'14:16:59','Some Title')
COMMIT
DISCONNECT
/*C8*/SET SCHEMA PUBLIC
drop table CD if exists
create table CD (id integer not null, artist varchar(255), cost double not null, purchase_date timestamp, title varchar(255), primary key (id))
INSERT INTO CD VALUES(1,'Some Artist',9.99E0,'2019-09-19 14:17:49.072000','Some Title')
COMMIT
DISCONNECT
/*C9*/SET SCHEMA PUBLIC
drop table CD if exists
create table CD (id integer not null, artist varchar(255), cost double not null, purchase_date date, title varchar(255), primary key (id))
INSERT INTO CD VALUES(1,'Some Artist',9.99E0,'2019-09-19','Some Title')
COMMIT
DISCONNECT
/*C10*/SET SCHEMA PUBLIC
drop table CD if exists
create table CD (id integer not null, title varchar(255), artist varchar(255), purchase_date date, cost double, primary key (id))
DISCONNECT
/*C11*/SET SCHEMA PUBLIC
drop table CD if exists
create table CD (id integer not null, artist varchar(255), cost double not null, purchase_date date, title varchar(255), primary key (id))
INSERT INTO CD VALUES(1,'Some Artist',9.99E0,'2019-09-19','Some Title')
COMMIT
DISCONNECT
/*C12*/SET SCHEMA PUBLIC
DISCONNECT
/*C13*/SET SCHEMA PUBLIC
INSERT INTO CD VALUES(2,'AjayAtul',19.99E0,'2019-09-19','Zhingat')
COMMIT
DISCONNECT
/*C14*/SET SCHEMA PUBLIC
DISCONNECT
/*C15*/SET SCHEMA PUBLIC
DELETE FROM CD WHERE ID=1
INSERT INTO CD VALUES(1,'Some Artist',89.99E0,'2019-09-19','Some Title')
COMMIT
DISCONNECT
/*C16*/SET SCHEMA PUBLIC
DELETE FROM CD WHERE ID=2
INSERT INTO CD VALUES(2,'New Artist3',33.33E0,'2019-09-19','Old Title3')
COMMIT
DISCONNECT
/*C17*/SET SCHEMA PUBLIC
DISCONNECT
/*C18*/SET SCHEMA PUBLIC
INSERT INTO CD VALUES(3,'New Artist44',44.44E0,'2019-09-19','New Title44')
COMMIT
DISCONNECT
/*C19*/SET SCHEMA PUBLIC
create table Account (accountId bigint generated by default as identity (start with 1), balance integer, primary key (accountId))
create table BankAccount2 (bankName varchar(255), billing_id integer not null, primary key (billing_id))
create table BankAccount3 (id integer generated by default as identity (start with 1), number varchar(255), owner varchar(255), bankName varchar(255), primary key (id))
create table BankAccount4 (id integer not null, number varchar(255), owner varchar(255), bankName varchar(255), primary key (id))
create table BillingDetails1 (billing_type varchar(31) not null, id integer generated by default as identity (start with 1), number varchar(255), owner varchar(255), bankName varchar(255), expiryMonth varchar(255), expiryYear varchar(255), type varchar(255), primary key (id))
create table BillingDetails2 (id integer generated by default as identity (start with 1), number varchar(255), owner varchar(255), primary key (id))
create table BillingDetails4 (id integer not null, number varchar(255), owner varchar(255), primary key (id))
create table CD2 (id integer generated by default as identity (start with 1), artist varchar(255), cost double not null, purchase_date date, title varchar(255), primary key (id))
create table CD3 (id integer generated by default as identity (start with 1), artist varchar(255) check (artist<=20), cost double not null, purchase_date date, title varchar(255) check (title>=3), primary key (id))
create table CreditCard2 (expiryMonth varchar(255), expiryYear varchar(255), type varchar(255), billing_id integer not null, primary key (billing_id))
create table CreditCard3 (id integer generated by default as identity (start with 1), number varchar(255), owner varchar(255), expiryMonth varchar(255), expiryYear varchar(255), type varchar(255), primary key (id))
create table CreditCard4 (id integer not null, number varchar(255), owner varchar(255), expiryMonth varchar(255), expiryYear varchar(255), type varchar(255), primary key (id))
create table Cubicle1 (id integer generated by default as identity (start with 1), floor varchar(255), primary key (id))
create table Customer1 (id integer generated by default as identity (start with 1), email varchar(255), name varchar(255), primary key (id))
create table Customer2 (id integer generated by default as identity (start with 1), email varchar(255), name varchar(255), primary key (id))
create table CustomerSubscriptionLink1 (cust_id integer not null, sub_id integer not null, primary key (sub_id, cust_id))
create table CustomerSubscriptionLink2 (id integer generated by default as identity (start with 1), subscriptionDate date, cust_id integer, sub_id integer, primary key (id))
create table Department2 (deptno integer not null, location varchar(255), name varchar(255), primary key (deptno))
create table Department2_Employee2 (Department2_deptno integer not null, employees_empno integer not null, primary key (Department2_deptno, employees_empno))
create table Employee1 (id integer generated by default as identity (start with 1), name varchar(255), cubicle_id_fk integer, primary key (id))
create table Employee2 (empno integer not null, name varchar(255), salary double not null, deptno integer, primary key (empno))
create table Employee3 (EMPLOYEE_ID integer generated by default as identity (start with 1), name varchar(20), salary bigint not null, primary key (EMPLOYEE_ID))
create table Employee4 (EMPLOYEE_ID integer generated by default as identity (start with 1), name varchar(20), salary bigint not null, primary key (EMPLOYEE_ID))
create table Entry (id integer generated by default as identity (start with 1), email varchar(255), name varchar(255), number integer not null, phbook_id integer, primary key (id))
create table Flight (flightNo varchar(15) not null, carrier varchar(15), destination varchar(15), source varchar(15), primary key (flightNo))
create table Person (country varchar(255) not null, medicareNumber integer not null, age integer not null, name varchar(255), primary key (country, medicareNumber))
create table Phone3 (PHONE_ID integer generated by default as identity (start with 1), phoneNumber varchar(15), EMPLOYEE_ID_FK integer, primary key (PHONE_ID))
create table Phone4 (PHONE_ID integer generated by default as identity (start with 1), phoneNumber varchar(15), employee_EMPLOYEE_ID integer not null, phones_KEY varchar(255), primary key (PHONE_ID))
create table PhoneBook (id integer generated by default as identity (start with 1), name varchar(255), primary key (id))
create table Product2 (id integer generated by default as identity (start with 1), name varchar(15), price double not null, version integer not null, primary key (id))
create table Subscription1 (id integer generated by default as identity (start with 1), duration integer not null, type varchar(255), primary key (id))
create table Subscription2 (id integer generated by default as identity (start with 1), duration integer not null, type varchar(255), primary key (id))
create table TBL_PRODUCT (product_id integer generated by default as identity (start with 1), image blob(255), name varchar(20), price double not null, primary key (product_id))
create table TBL_PRODUCT_TAGS (Product_product_id integer not null, tags varchar(15))
create table User1 (id integer generated by default as identity (start with 1), billing_city varchar(255), billing_street varchar(255), billing_zipcode varchar(255), firstname varchar(255), lastname varchar(255), password varchar(255), username varchar(255), primary key (id))
create table a_books (id integer generated by default as identity (start with 1), author varchar(255), title varchar(255), primary key (id))
create table a_books_misc (isbn varchar(255), publication varchar(255), id integer not null, primary key (id))
create table bids (bid_id integer generated by default as identity (start with 1), amount double not null, item_id integer, member_id integer, primary key (bid_id))
create table categories (category_id integer generated by default as identity (start with 1), name varchar(255), parent_category_id integer, primary key (category_id))
create table categories_items (item_id integer not null, category_id integer not null, primary key (category_id, item_id))
create table items (item_id integer generated by default as identity (start with 1), description varchar(255), initialPrice double not null, name varchar(255), reservePrice double not null, validTill date, primary key (item_id))
create table members (member_id integer generated by default as identity (start with 1), name varchar(255), primary key (member_id))
alter table Department2_Employee2 add constraint UK_n6y7epjeap20svw24avlas479  unique (employees_empno)
alter table BankAccount2 add constraint FK_8wqvp6mn9qfacnfcv6522q6te foreign key (billing_id) references BillingDetails2
alter table CreditCard2 add constraint FK_13lu698edhl4nb1afh9brtwor foreign key (billing_id) references BillingDetails2
alter table CustomerSubscriptionLink1 add constraint FK_b7n7jwj8fcuve2s3bsis6212e foreign key (sub_id) references Subscription1
alter table CustomerSubscriptionLink1 add constraint FK_ihlvi8wrij5k6wwtmy1q2sinj foreign key (cust_id) references Customer1
alter table CustomerSubscriptionLink2 add constraint FK_4gu7fupcjqclapk3phbhggckb foreign key (cust_id) references Customer2
alter table CustomerSubscriptionLink2 add constraint FK_i2y1mmlvnlt5bmyuis1xr0xws foreign key (sub_id) references Subscription2
alter table Department2_Employee2 add constraint FK_n6y7epjeap20svw24avlas479 foreign key (employees_empno) references Employee2
alter table Department2_Employee2 add constraint FK_6bdvwle1v9jqvj7f8wls6nfoi foreign key (Department2_deptno) references Department2
alter table Employee1 add constraint FK_7i91blsghs2x9dfyaipib4oqs foreign key (cubicle_id_fk) references Cubicle1
alter table Employee2 add constraint FK_nv8s979d1umvd94owe13qxbwk foreign key (deptno) references Department2
alter table Entry add constraint FK_jipmj1891akr4y6wm5b0eyf32 foreign key (phbook_id) references PhoneBook
alter table Phone3 add constraint FK_px1s6x9lkcvtuanc5ki4epxvk foreign key (EMPLOYEE_ID_FK) references Employee3
alter table Phone4 add constraint FK_i73qbv3ddmvj0anan9v0iyqgh foreign key (employee_EMPLOYEE_ID) references Employee4
alter table TBL_PRODUCT_TAGS add constraint FK_7t5sisvfiti1k8tmk0upevwgi foreign key (Product_product_id) references TBL_PRODUCT
alter table a_books_misc add constraint FK_d99m9edmubko6pu9kg0n5ydj9 foreign key (id) references a_books
alter table bids add constraint FK_nbh5lpncfn8miok64pauyu1s6 foreign key (item_id) references items
alter table bids add constraint FK_qlk0j45vr2ouknjurmkco05r2 foreign key (member_id) references members
alter table categories add constraint FK_hfr9rd0rv1jv730afoi2n0qb7 foreign key (parent_category_id) references categories
alter table categories_items add constraint FK_ffgai1p08wggdjqv7dq4ucgy9 foreign key (category_id) references categories
alter table categories_items add constraint FK_pxxtlg5rb8it8ewp5lxhss3c5 foreign key (item_id) references items
DISCONNECT
/*C20*/SET SCHEMA PUBLIC
alter table Department2_Employee2 drop constraint UK_n6y7epjeap20svw24avlas479
alter table Department2_Employee2 add constraint UK_n6y7epjeap20svw24avlas479  unique (employees_empno)
INSERT INTO CD VALUES(4,'BSB',9.99E0,'2019-09-19','BackStreet')
COMMIT
DISCONNECT
/*C21*/SET SCHEMA PUBLIC
alter table Department2_Employee2 drop constraint UK_n6y7epjeap20svw24avlas479
alter table Department2_Employee2 add constraint UK_n6y7epjeap20svw24avlas479  unique (employees_empno)
DISCONNECT
/*C22*/SET SCHEMA PUBLIC
alter table Department2_Employee2 drop constraint UK_n6y7epjeap20svw24avlas479
alter table Department2_Employee2 add constraint UK_n6y7epjeap20svw24avlas479  unique (employees_empno)
INSERT INTO USER1 VALUES(1,'Mumbai','Vikhroli','400083','Majrul','Ansari','majrul123','majrul')
COMMIT
DISCONNECT
/*C23*/SET SCHEMA PUBLIC
alter table User1 add column city varchar(255)
alter table User1 add column street varchar(255)
alter table User1 add column zipcode varchar(255)
alter table Department2_Employee2 drop constraint UK_n6y7epjeap20svw24avlas479
alter table Department2_Employee2 add constraint UK_n6y7epjeap20svw24avlas479  unique (employees_empno)
INSERT INTO USER1 VALUES(2,'Pune','LAxmi Road','411083','Majrul','Ansari','majrul123','majrul',NULL,NULL,NULL)
COMMIT
DISCONNECT
/*C24*/SET SCHEMA PUBLIC
alter table Department2_Employee2 drop constraint UK_n6y7epjeap20svw24avlas479
alter table Department2_Employee2 add constraint UK_n6y7epjeap20svw24avlas479  unique (employees_empno)
INSERT INTO USER1 VALUES(3,'Pune','LAxmi Road','411083','Majrul','Ansari','majrul123','majrul',NULL,NULL,NULL)
COMMIT
DISCONNECT
/*C25*/SET SCHEMA PUBLIC
alter table Department2_Employee2 drop constraint UK_n6y7epjeap20svw24avlas479
alter table Department2_Employee2 add constraint UK_n6y7epjeap20svw24avlas479  unique (employees_empno)
INSERT INTO USER1 VALUES(4,'Mumbai','Vikhroli','400083','Majrul','Ansari','majrul123','majrul','Pune','LAxmi Road','411083')
COMMIT
DISCONNECT
/*C26*/SET SCHEMA PUBLIC
DISCONNECT
/*C27*/SET SCHEMA PUBLIC
alter table User1 add column home_city varchar(255)
alter table User1 add column home_street varchar(255)
alter table User1 add column home_zipcode varchar(255)
alter table Department2_Employee2 drop constraint UK_n6y7epjeap20svw24avlas479
alter table Department2_Employee2 add constraint UK_n6y7epjeap20svw24avlas479  unique (employees_empno)
INSERT INTO USER1 VALUES(5,'Mumbai1','Vikhroli','400083','Majrul','Ansari','majrul123','majrul',NULL,NULL,NULL,'Pune2','LAxmi Road','411083')
COMMIT
DISCONNECT
/*C28*/SET SCHEMA PUBLIC
alter table BankAccount2 drop constraint FK_8wqvp6mn9qfacnfcv6522q6te
alter table CreditCard2 drop constraint FK_13lu698edhl4nb1afh9brtwor
alter table CustomerSubscriptionLink1 drop constraint FK_b7n7jwj8fcuve2s3bsis6212e
alter table CustomerSubscriptionLink1 drop constraint FK_ihlvi8wrij5k6wwtmy1q2sinj
alter table CustomerSubscriptionLink2 drop constraint FK_4gu7fupcjqclapk3phbhggckb
alter table CustomerSubscriptionLink2 drop constraint FK_i2y1mmlvnlt5bmyuis1xr0xws
alter table Department2_Employee2 drop constraint FK_n6y7epjeap20svw24avlas479
alter table Department2_Employee2 drop constraint FK_6bdvwle1v9jqvj7f8wls6nfoi
alter table Employee1 drop constraint FK_7i91blsghs2x9dfyaipib4oqs
alter table Employee2 drop constraint FK_nv8s979d1umvd94owe13qxbwk
alter table Entry drop constraint FK_jipmj1891akr4y6wm5b0eyf32
alter table Phone3 drop constraint FK_px1s6x9lkcvtuanc5ki4epxvk
alter table Phone4 drop constraint FK_i73qbv3ddmvj0anan9v0iyqgh
alter table TBL_PRODUCT_TAGS drop constraint FK_7t5sisvfiti1k8tmk0upevwgi
alter table a_books_misc drop constraint FK_d99m9edmubko6pu9kg0n5ydj9
alter table bids drop constraint FK_nbh5lpncfn8miok64pauyu1s6
alter table bids drop constraint FK_qlk0j45vr2ouknjurmkco05r2
alter table categories drop constraint FK_hfr9rd0rv1jv730afoi2n0qb7
alter table categories_items drop constraint FK_ffgai1p08wggdjqv7dq4ucgy9
alter table categories_items drop constraint FK_pxxtlg5rb8it8ewp5lxhss3c5
drop table Account if exists
drop table BankAccount2 if exists
drop table BankAccount3 if exists
drop table BankAccount4 if exists
drop table BillingDetails1 if exists
drop table BillingDetails2 if exists
drop table BillingDetails4 if exists
drop table CD if exists
drop table CD2 if exists
drop table CD3 if exists
drop table CreditCard2 if exists
drop table CreditCard3 if exists
drop table CreditCard4 if exists
drop table Cubicle1 if exists
drop table Customer1 if exists
drop table Customer2 if exists
drop table CustomerSubscriptionLink1 if exists
drop table CustomerSubscriptionLink2 if exists
drop table Department2 if exists
drop table Department2_Employee2 if exists
drop table Employee1 if exists
drop table Employee2 if exists
drop table Employee3 if exists
drop table Employee4 if exists
drop table Entry if exists
drop table Flight if exists
drop table Person if exists
drop table Phone3 if exists
drop table Phone4 if exists
drop table PhoneBook if exists
drop table Product2 if exists
drop table Subscription1 if exists
drop table Subscription2 if exists
drop table TBL_PRODUCT if exists
drop table TBL_PRODUCT_TAGS if exists
drop table User1 if exists
drop table a_books if exists
drop table a_books_misc if exists
drop table bids if exists
drop table categories if exists
drop table categories_items if exists
drop table items if exists
drop table members if exists
create table Account (accountId bigint generated by default as identity (start with 1), balance integer, primary key (accountId))
create table BankAccount2 (bankName varchar(255), billing_id integer not null, primary key (billing_id))
create table BankAccount3 (id integer generated by default as identity (start with 1), number varchar(255), owner varchar(255), bankName varchar(255), primary key (id))
create table BankAccount4 (id integer not null, number varchar(255), owner varchar(255), bankName varchar(255), primary key (id))
create table BillingDetails1 (billing_type varchar(31) not null, id integer generated by default as identity (start with 1), number varchar(255), owner varchar(255), bankName varchar(255), expiryMonth varchar(255), expiryYear varchar(255), type varchar(255), primary key (id))
create table BillingDetails2 (id integer generated by default as identity (start with 1), number varchar(255), owner varchar(255), primary key (id))
create table BillingDetails4 (id integer not null, number varchar(255), owner varchar(255), primary key (id))
create table CD (id integer not null, artist varchar(255), cost double not null, purchase_date date, title varchar(255), primary key (id))
create table CD2 (id integer generated by default as identity (start with 1), artist varchar(255), cost double not null, purchase_date date, title varchar(255), primary key (id))
create table CD3 (id integer generated by default as identity (start with 1), artist varchar(255) check (artist<=20), cost double not null, purchase_date date, title varchar(255) check (title>=3), primary key (id))
create table CreditCard2 (expiryMonth varchar(255), expiryYear varchar(255), type varchar(255), billing_id integer not null, primary key (billing_id))
create table CreditCard3 (id integer generated by default as identity (start with 1), number varchar(255), owner varchar(255), expiryMonth varchar(255), expiryYear varchar(255), type varchar(255), primary key (id))
create table CreditCard4 (id integer not null, number varchar(255), owner varchar(255), expiryMonth varchar(255), expiryYear varchar(255), type varchar(255), primary key (id))
create table Cubicle1 (id integer generated by default as identity (start with 1), floor varchar(255), primary key (id))
create table Customer1 (id integer generated by default as identity (start with 1), email varchar(255), name varchar(255), primary key (id))
create table Customer2 (id integer generated by default as identity (start with 1), email varchar(255), name varchar(255), primary key (id))
create table CustomerSubscriptionLink1 (cust_id integer not null, sub_id integer not null, primary key (sub_id, cust_id))
create table CustomerSubscriptionLink2 (id integer generated by default as identity (start with 1), subscriptionDate date, cust_id integer, sub_id integer, primary key (id))
create table Department2 (deptno integer not null, location varchar(255), name varchar(255), primary key (deptno))
create table Department2_Employee2 (Department2_deptno integer not null, employees_empno integer not null, primary key (Department2_deptno, employees_empno))
create table Employee1 (id integer generated by default as identity (start with 1), name varchar(255), cubicle_id_fk integer, primary key (id))
create table Employee2 (empno integer not null, name varchar(255), salary double not null, deptno integer, primary key (empno))
create table Employee3 (EMPLOYEE_ID integer generated by default as identity (start with 1), name varchar(20), salary bigint not null, primary key (EMPLOYEE_ID))
create table Employee4 (EMPLOYEE_ID integer generated by default as identity (start with 1), name varchar(20), salary bigint not null, primary key (EMPLOYEE_ID))
create table Entry (id integer generated by default as identity (start with 1), email varchar(255), name varchar(255), number integer not null, phbook_id integer, primary key (id))
create table Flight (flightNo varchar(15) not null, carrier varchar(15), destination varchar(15), source varchar(15), primary key (flightNo))
create table Person (country varchar(255) not null, medicareNumber integer not null, age integer not null, name varchar(255), primary key (country, medicareNumber))
create table Phone3 (PHONE_ID integer generated by default as identity (start with 1), phoneNumber varchar(15), EMPLOYEE_ID_FK integer, primary key (PHONE_ID))
create table Phone4 (PHONE_ID integer generated by default as identity (start with 1), phoneNumber varchar(15), employee_EMPLOYEE_ID integer not null, phones_KEY varchar(255), primary key (PHONE_ID))
create table PhoneBook (id integer generated by default as identity (start with 1), name varchar(255), primary key (id))
create table Product2 (id integer generated by default as identity (start with 1), name varchar(15), price double not null, version integer not null, primary key (id))
create table Subscription1 (id integer generated by default as identity (start with 1), duration integer not null, type varchar(255), primary key (id))
create table Subscription2 (id integer generated by default as identity (start with 1), duration integer not null, type varchar(255), primary key (id))
create table TBL_PRODUCT (product_id integer generated by default as identity (start with 1), image blob(255), name varchar(20), price double not null, primary key (product_id))
create table TBL_PRODUCT_TAGS (Product_product_id integer not null, tags varchar(15))
create table User1 (id integer generated by default as identity (start with 1), billing_city varchar(255), billing_street varchar(255), billing_zipcode varchar(255), firstname varchar(255), home_city varchar(255), home_street varchar(255), home_zipcode varchar(255), lastname varchar(255), password varchar(255), username varchar(255), primary key (id))
create table a_books (id integer generated by default as identity (start with 1), author varchar(255), title varchar(255), primary key (id))
create table a_books_misc (isbn varchar(255), publication varchar(255), id integer not null, primary key (id))
create table bids (bid_id integer generated by default as identity (start with 1), amount double not null, item_id integer, member_id integer, primary key (bid_id))
create table categories (category_id integer generated by default as identity (start with 1), name varchar(255), parent_category_id integer, primary key (category_id))
create table categories_items (item_id integer not null, category_id integer not null, primary key (category_id, item_id))
create table items (item_id integer generated by default as identity (start with 1), description varchar(255), initialPrice double not null, name varchar(255), reservePrice double not null, validTill date, primary key (item_id))
create table members (member_id integer generated by default as identity (start with 1), name varchar(255), primary key (member_id))
alter table Department2_Employee2 add constraint UK_n6y7epjeap20svw24avlas479  unique (employees_empno)
alter table BankAccount2 add constraint FK_8wqvp6mn9qfacnfcv6522q6te foreign key (billing_id) references BillingDetails2
alter table CreditCard2 add constraint FK_13lu698edhl4nb1afh9brtwor foreign key (billing_id) references BillingDetails2
alter table CustomerSubscriptionLink1 add constraint FK_b7n7jwj8fcuve2s3bsis6212e foreign key (sub_id) references Subscription1
alter table CustomerSubscriptionLink1 add constraint FK_ihlvi8wrij5k6wwtmy1q2sinj foreign key (cust_id) references Customer1
alter table CustomerSubscriptionLink2 add constraint FK_4gu7fupcjqclapk3phbhggckb foreign key (cust_id) references Customer2
alter table CustomerSubscriptionLink2 add constraint FK_i2y1mmlvnlt5bmyuis1xr0xws foreign key (sub_id) references Subscription2
alter table Department2_Employee2 add constraint FK_n6y7epjeap20svw24avlas479 foreign key (employees_empno) references Employee2
alter table Department2_Employee2 add constraint FK_6bdvwle1v9jqvj7f8wls6nfoi foreign key (Department2_deptno) references Department2
alter table Employee1 add constraint FK_7i91blsghs2x9dfyaipib4oqs foreign key (cubicle_id_fk) references Cubicle1
alter table Employee2 add constraint FK_nv8s979d1umvd94owe13qxbwk foreign key (deptno) references Department2
alter table Entry add constraint FK_jipmj1891akr4y6wm5b0eyf32 foreign key (phbook_id) references PhoneBook
alter table Phone3 add constraint FK_px1s6x9lkcvtuanc5ki4epxvk foreign key (EMPLOYEE_ID_FK) references Employee3
alter table Phone4 add constraint FK_i73qbv3ddmvj0anan9v0iyqgh foreign key (employee_EMPLOYEE_ID) references Employee4
alter table TBL_PRODUCT_TAGS add constraint FK_7t5sisvfiti1k8tmk0upevwgi foreign key (Product_product_id) references TBL_PRODUCT
alter table a_books_misc add constraint FK_d99m9edmubko6pu9kg0n5ydj9 foreign key (id) references a_books
alter table bids add constraint FK_nbh5lpncfn8miok64pauyu1s6 foreign key (item_id) references items
alter table bids add constraint FK_qlk0j45vr2ouknjurmkco05r2 foreign key (member_id) references members
alter table categories add constraint FK_hfr9rd0rv1jv730afoi2n0qb7 foreign key (parent_category_id) references categories
alter table categories_items add constraint FK_ffgai1p08wggdjqv7dq4ucgy9 foreign key (category_id) references categories
alter table categories_items add constraint FK_pxxtlg5rb8it8ewp5lxhss3c5 foreign key (item_id) references items
INSERT INTO USER1 VALUES(1,'Mumbai1','Vikhroli','400083','Majrul','Pune2','LAxmi Road','411083','Ansari','majrul123','majrul')
COMMIT
DISCONNECT
/*C29*/SET SCHEMA PUBLIC
DISCONNECT
/*C30*/SET SCHEMA PUBLIC
INSERT INTO EMPLOYEE1 VALUES(1,'Majrul',NULL)
COMMIT
DISCONNECT
/*C31*/SET SCHEMA PUBLIC
INSERT INTO CUBICLE1 VALUES(1,'6th Floor')
COMMIT
DISCONNECT
/*C32*/SET SCHEMA PUBLIC
DISCONNECT
/*C33*/SET SCHEMA PUBLIC
DELETE FROM EMPLOYEE1 WHERE ID=1
INSERT INTO EMPLOYEE1 VALUES(1,'Majrul',1)
COMMIT
DISCONNECT
/*C34*/SET SCHEMA PUBLIC
INSERT INTO DEPARTMENT2 VALUES(10,'Andheri','Admin')
INSERT INTO EMPLOYEE2 VALUES(1010,'Emp1',1000.0E0,10)
INSERT INTO EMPLOYEE2 VALUES(1012,'Emp3',3000.0E0,10)
INSERT INTO EMPLOYEE2 VALUES(1011,'Emp2',2000.0E0,10)
COMMIT
INSERT INTO DEPARTMENT2 VALUES(20,'Vashi','HR')
INSERT INTO EMPLOYEE2 VALUES(2010,'Emp1',1000.0E0,20)
INSERT INTO EMPLOYEE2 VALUES(2011,'Emp2',2000.0E0,20)
INSERT INTO EMPLOYEE2 VALUES(2012,'Emp3',3000.0E0,10)
COMMIT
DISCONNECT
/*C35*/SET SCHEMA PUBLIC
INSERT INTO CUSTOMER1 VALUES(1,'majrul@gmail.com','Majrul')
COMMIT
INSERT INTO CUSTOMER1 VALUES(2,'bill@gates.com','Bill')
COMMIT
INSERT INTO SUBSCRIPTION1 VALUES(1,2,'Book')
COMMIT
INSERT INTO SUBSCRIPTION1 VALUES(2,3,'DVD')
COMMIT
DISCONNECT
/*C36*/SET SCHEMA PUBLIC
INSERT INTO CUSTOMER1 VALUES(3,'majrul@gmail.com','Majrul')
COMMIT
INSERT INTO CUSTOMER1 VALUES(4,'bill@gates.com','Bill')
COMMIT
INSERT INTO SUBSCRIPTION1 VALUES(3,2,'Book')
COMMIT
INSERT INTO SUBSCRIPTION1 VALUES(4,3,'DVD')
COMMIT
DISCONNECT
/*C37*/SET SCHEMA PUBLIC
alter table BankAccount2 drop constraint FK_8wqvp6mn9qfacnfcv6522q6te
alter table CreditCard2 drop constraint FK_13lu698edhl4nb1afh9brtwor
alter table CustomerSubscriptionLink1 drop constraint FK_b7n7jwj8fcuve2s3bsis6212e
alter table CustomerSubscriptionLink1 drop constraint FK_ihlvi8wrij5k6wwtmy1q2sinj
alter table CustomerSubscriptionLink2 drop constraint FK_4gu7fupcjqclapk3phbhggckb
alter table CustomerSubscriptionLink2 drop constraint FK_i2y1mmlvnlt5bmyuis1xr0xws
alter table Employee1 drop constraint FK_7i91blsghs2x9dfyaipib4oqs
alter table Employee2 drop constraint FK_nv8s979d1umvd94owe13qxbwk
alter table Entry drop constraint FK_jipmj1891akr4y6wm5b0eyf32
alter table Phone3 drop constraint FK_px1s6x9lkcvtuanc5ki4epxvk
alter table Phone4 drop constraint FK_i73qbv3ddmvj0anan9v0iyqgh
alter table TBL_PRODUCT_TAGS drop constraint FK_7t5sisvfiti1k8tmk0upevwgi
alter table a_books_misc drop constraint FK_d99m9edmubko6pu9kg0n5ydj9
alter table bids drop constraint FK_nbh5lpncfn8miok64pauyu1s6
alter table bids drop constraint FK_qlk0j45vr2ouknjurmkco05r2
alter table categories drop constraint FK_hfr9rd0rv1jv730afoi2n0qb7
alter table categories_items drop constraint FK_ffgai1p08wggdjqv7dq4ucgy9
alter table categories_items drop constraint FK_pxxtlg5rb8it8ewp5lxhss3c5
drop table Account if exists
drop table BankAccount2 if exists
drop table BankAccount3 if exists
drop table BankAccount4 if exists
drop table BillingDetails1 if exists
drop table BillingDetails2 if exists
drop table BillingDetails4 if exists
drop table CD if exists
drop table CD2 if exists
drop table CD3 if exists
drop table CreditCard2 if exists
drop table CreditCard3 if exists
drop table CreditCard4 if exists
drop table Cubicle1 if exists
drop table Customer1 if exists
drop table Customer2 if exists
drop table CustomerSubscriptionLink1 if exists
drop table CustomerSubscriptionLink2 if exists
drop table Employee1 if exists
drop table Employee3 if exists
drop table Employee4 if exists
drop table Entry if exists
drop table Flight if exists
drop table Person if exists
drop table Phone3 if exists
drop table Phone4 if exists
drop table PhoneBook if exists
drop table Product2 if exists
drop table Subscription1 if exists
drop table Subscription2 if exists
drop table TBL_PRODUCT if exists
drop table TBL_PRODUCT_TAGS if exists
drop table User1 if exists
drop table a_books if exists
drop table a_books_misc if exists
drop table bids if exists
drop table categories if exists
drop table categories_items if exists
drop table items if exists
drop table members if exists
create table Account (accountId bigint generated by default as identity (start with 1), balance integer, primary key (accountId))
create table BankAccount2 (bankName varchar(255), billing_id integer not null, primary key (billing_id))
create table BankAccount3 (id integer generated by default as identity (start with 1), number varchar(255), owner varchar(255), bankName varchar(255), primary key (id))
create table BankAccount4 (id integer not null, number varchar(255), owner varchar(255), bankName varchar(255), primary key (id))
create table BillingDetails1 (billing_type varchar(31) not null, id integer generated by default as identity (start with 1), number varchar(255), owner varchar(255), bankName varchar(255), expiryMonth varchar(255), expiryYear varchar(255), type varchar(255), primary key (id))
create table BillingDetails2 (id integer generated by default as identity (start with 1), number varchar(255), owner varchar(255), primary key (id))
create table BillingDetails4 (id integer not null, number varchar(255), owner varchar(255), primary key (id))
create table CD (id integer not null, artist varchar(255), cost double not null, purchase_date date, title varchar(255), primary key (id))
create table CD2 (id integer generated by default as identity (start with 1), artist varchar(255), cost double not null, purchase_date date, title varchar(255), primary key (id))
create table CD3 (id integer generated by default as identity (start with 1), artist varchar(255) check (artist<=20), cost double not null, purchase_date date, title varchar(255) check (title>=3), primary key (id))
create table CreditCard2 (expiryMonth varchar(255), expiryYear varchar(255), type varchar(255), billing_id integer not null, primary key (billing_id))
create table CreditCard3 (id integer generated by default as identity (start with 1), number varchar(255), owner varchar(255), expiryMonth varchar(255), expiryYear varchar(255), type varchar(255), primary key (id))
create table CreditCard4 (id integer not null, number varchar(255), owner varchar(255), expiryMonth varchar(255), expiryYear varchar(255), type varchar(255), primary key (id))
create table Cubicle1 (id integer generated by default as identity (start with 1), floor varchar(255), primary key (id))
create table Customer1 (id integer generated by default as identity (start with 1), email varchar(255), name varchar(255), primary key (id))
create table Customer2 (id integer generated by default as identity (start with 1), email varchar(255), name varchar(255), primary key (id))
create table CustomerSubscriptionLink1 (cust_id integer not null, sub_id integer not null, primary key (sub_id, cust_id))
create table CustomerSubscriptionLink2 (id integer generated by default as identity (start with 1), subscriptionDate date, cust_id integer, sub_id integer, primary key (id))
create table Employee1 (id integer generated by default as identity (start with 1), name varchar(255), cubicle_id_fk integer, primary key (id))
create table Employee3 (EMPLOYEE_ID integer generated by default as identity (start with 1), name varchar(20), salary bigint not null, primary key (EMPLOYEE_ID))
create table Employee4 (EMPLOYEE_ID integer generated by default as identity (start with 1), name varchar(20), salary bigint not null, primary key (EMPLOYEE_ID))
create table Entry (id integer generated by default as identity (start with 1), email varchar(255), name varchar(255), number integer not null, phbook_id integer, primary key (id))
create table Flight (flightNo varchar(15) not null, carrier varchar(15), destination varchar(15), source varchar(15), primary key (flightNo))
create table Person (country varchar(255) not null, medicareNumber integer not null, age integer not null, name varchar(255), primary key (country, medicareNumber))
create table Phone3 (PHONE_ID integer generated by default as identity (start with 1), phoneNumber varchar(15), EMPLOYEE_ID_FK integer, primary key (PHONE_ID))
create table Phone4 (PHONE_ID integer generated by default as identity (start with 1), phoneNumber varchar(15), employee_EMPLOYEE_ID integer not null, phones_KEY varchar(255), primary key (PHONE_ID))
create table PhoneBook (id integer generated by default as identity (start with 1), name varchar(255), primary key (id))
create table Product2 (id integer generated by default as identity (start with 1), name varchar(15), price double not null, version integer not null, primary key (id))
create table Subscription1 (id integer generated by default as identity (start with 1), duration integer not null, type varchar(255), primary key (id))
create table Subscription2 (id integer generated by default as identity (start with 1), duration integer not null, type varchar(255), primary key (id))
create table TBL_PRODUCT (product_id integer generated by default as identity (start with 1), image blob(255), name varchar(20), price double not null, primary key (product_id))
create table TBL_PRODUCT_TAGS (Product_product_id integer not null, tags varchar(15))
create table User1 (id integer generated by default as identity (start with 1), billing_city varchar(255), billing_street varchar(255), billing_zipcode varchar(255), firstname varchar(255), home_city varchar(255), home_street varchar(255), home_zipcode varchar(255), lastname varchar(255), password varchar(255), username varchar(255), primary key (id))
create table a_books (id integer generated by default as identity (start with 1), author varchar(255), title varchar(255), primary key (id))
create table a_books_misc (isbn varchar(255), publication varchar(255), id integer not null, primary key (id))
create table bids (bid_id integer generated by default as identity (start with 1), amount double not null, item_id integer, member_id integer, primary key (bid_id))
create table categories (category_id integer generated by default as identity (start with 1), name varchar(255), parent_category_id integer, primary key (category_id))
create table categories_items (item_id integer not null, category_id integer not null, primary key (category_id, item_id))
create table items (item_id integer generated by default as identity (start with 1), description varchar(255), initialPrice double not null, name varchar(255), reservePrice double not null, validTill date, primary key (item_id))
create table members (member_id integer generated by default as identity (start with 1), name varchar(255), primary key (member_id))
alter table BankAccount2 add constraint FK_8wqvp6mn9qfacnfcv6522q6te foreign key (billing_id) references BillingDetails2
alter table CreditCard2 add constraint FK_13lu698edhl4nb1afh9brtwor foreign key (billing_id) references BillingDetails2
alter table CustomerSubscriptionLink1 add constraint FK_b7n7jwj8fcuve2s3bsis6212e foreign key (sub_id) references Subscription1
alter table CustomerSubscriptionLink1 add constraint FK_ihlvi8wrij5k6wwtmy1q2sinj foreign key (cust_id) references Customer1
alter table CustomerSubscriptionLink2 add constraint FK_4gu7fupcjqclapk3phbhggckb foreign key (cust_id) references Customer2
alter table CustomerSubscriptionLink2 add constraint FK_i2y1mmlvnlt5bmyuis1xr0xws foreign key (sub_id) references Subscription2
alter table Employee1 add constraint FK_7i91blsghs2x9dfyaipib4oqs foreign key (cubicle_id_fk) references Cubicle1
alter table Employee2 add constraint FK_nv8s979d1umvd94owe13qxbwk foreign key (deptno) references Department2
alter table Entry add constraint FK_jipmj1891akr4y6wm5b0eyf32 foreign key (phbook_id) references PhoneBook
alter table Phone3 add constraint FK_px1s6x9lkcvtuanc5ki4epxvk foreign key (EMPLOYEE_ID_FK) references Employee3
alter table Phone4 add constraint FK_i73qbv3ddmvj0anan9v0iyqgh foreign key (employee_EMPLOYEE_ID) references Employee4
alter table TBL_PRODUCT_TAGS add constraint FK_7t5sisvfiti1k8tmk0upevwgi foreign key (Product_product_id) references TBL_PRODUCT
alter table a_books_misc add constraint FK_d99m9edmubko6pu9kg0n5ydj9 foreign key (id) references a_books
alter table bids add constraint FK_nbh5lpncfn8miok64pauyu1s6 foreign key (item_id) references items
alter table bids add constraint FK_qlk0j45vr2ouknjurmkco05r2 foreign key (member_id) references members
alter table categories add constraint FK_hfr9rd0rv1jv730afoi2n0qb7 foreign key (parent_category_id) references categories
alter table categories_items add constraint FK_ffgai1p08wggdjqv7dq4ucgy9 foreign key (category_id) references categories
alter table categories_items add constraint FK_pxxtlg5rb8it8ewp5lxhss3c5 foreign key (item_id) references items
INSERT INTO CUSTOMER1 VALUES(1,'majrul@gmail.com','Majrul')
COMMIT
INSERT INTO CUSTOMER1 VALUES(2,'bill@gates.com','Bill')
COMMIT
INSERT INTO SUBSCRIPTION1 VALUES(1,2,'Book')
COMMIT
INSERT INTO SUBSCRIPTION1 VALUES(2,3,'DVD')
COMMIT
DISCONNECT
/*C38*/SET SCHEMA PUBLIC
INSERT INTO CUSTOMERSUBSCRIPTIONLINK1 VALUES(1,1)
COMMIT
DISCONNECT
/*C39*/SET SCHEMA PUBLIC
INSERT INTO CUSTOMERSUBSCRIPTIONLINK1 VALUES(1,2)
COMMIT
DISCONNECT
/*C40*/SET SCHEMA PUBLIC
INSERT INTO CUSTOMERSUBSCRIPTIONLINK1 VALUES(2,1)
COMMIT
DISCONNECT
